<?xml version="1.0" encoding="UTF-8"?>
<!-- Generated by org.testng.reporters.JUnitReportReporter -->
<testsuite hostname="INBMWN154463" failures="0" tests="4" name="com.TestNG.DataDriven.DatadrivenUSingArray" time="0.015" errors="0" timestamp="2024-11-23T19:44:13 IST" skipped="0">
  <testcase classname="com.TestNG.DataDriven.DatadrivenUSingArray" name="loginTest" time="0.002"/>
  <system-out/>
  <testcase classname="com.TestNG.DataDriven.DatadrivenUSingArray" name="loginTest" time="0.009"/>
  <system-out/>
  <testcase classname="com.TestNG.DataDriven.DatadrivenUSingArray" name="loginTest" time="0.003"/>
  <system-out/>
  <testcase classname="com.TestNG.DataDriven.DatadrivenUSingArray" name="loginTest" time="0.001"/>
  <system-out/>
</testsuite> <!-- com.TestNG.DataDriven.DatadrivenUSingArray -->
