<?xml version="1.0" encoding="UTF-8"?>
<!-- Generated by org.testng.reporters.JUnitReportReporter -->
<testsuite hostname="INBMWN154463" failures="0" tests="1" name="com.TestNG.TestListeners.ExetentReportDemo" time="0.728" errors="0" timestamp="2024-12-06T22:29:30 IST" skipped="0">
  <testcase classname="com.TestNG.TestListeners.ExetentReportDemo" name="createReport" time="0.728"/>
  <system-out/>
</testsuite> <!-- com.TestNG.TestListeners.ExetentReportDemo -->
