<?xml version="1.0" encoding="UTF-8"?>
<!-- Generated by org.testng.reporters.JUnitReportReporter -->
<testsuite hostname="INBMWN154463" failures="0" tests="3" name="com.TestNG.TestDemo1" time="0.014" errors="0" timestamp="2024-12-06T22:04:20 IST" skipped="0">
  <testcase classname="com.TestNG.TestDemo1" name="loginUser" time="0.001"/>
  <system-out/>
  <testcase classname="com.TestNG.TestDemo1" name="loginUser" time="0.001"/>
  <system-out/>
  <testcase classname="com.TestNG.TestDemo1" name="loginUser" time="0.012"/>
  <system-out/>
</testsuite> <!-- com.TestNG.TestDemo1 -->
