<?xml version="1.0" encoding="UTF-8"?>
<!-- Generated by org.testng.reporters.JUnitReportReporter -->
<testsuite hostname="INBMWN154463" failures="0" tests="1" name="com.WebElementHandling.AlertHandlingDemo" time="7.309" errors="0" timestamp="2024-12-06T16:33:06 IST" skipped="0">
  <testcase classname="com.WebElementHandling.AlertHandlingDemo" name="testRediffmailAlert" time="7.309"/>
  <system-out/>
</testsuite> <!-- com.WebElementHandling.AlertHandlingDemo -->
