<?xml version="1.0" encoding="UTF-8"?>
<!-- Generated by org.testng.reporters.JUnitReportReporter -->
<testsuite hostname="INBMWN154463" failures="0" tests="2" name="com.TestNG.Annotations.ClassB" time="0.008" errors="0" timestamp="2024-12-06T23:11:58 IST" skipped="0">
  <testcase classname="com.TestNG.Annotations.ClassB" name="testCase1" time="0.008"/>
  <system-out/>
  <testcase classname="com.TestNG.Annotations.ClassB" name="testCase2" time="0.000"/>
  <system-out/>
</testsuite> <!-- com.TestNG.Annotations.ClassB -->
