<?xml version="1.0" encoding="UTF-8"?>
<!-- Generated by org.testng.reporters.JUnitReportReporter -->
<testsuite hostname="INBMWN154463" failures="0" tests="1" name="com.TestNG.DataDriven.TestScreenshot" time="15.977" errors="0" timestamp="2024-11-23T19:53:51 IST" skipped="0">
  <testcase classname="com.TestNG.DataDriven.TestScreenshot" name="capture" time="15.977"/>
  <system-out/>
</testsuite> <!-- com.TestNG.DataDriven.TestScreenshot -->
