<?xml version="1.0" encoding="UTF-8"?>
<!-- Generated by org.testng.reporters.JUnitReportReporter -->
<testsuite hostname="INBMWN154463" failures="0" tests="3" name="com.TestNG.Annotations.CRMApplication" time="2.500" errors="0" timestamp="2024-12-06T23:11:15 IST" skipped="0">
  <testcase classname="com.TestNG.Annotations.CRMApplication" name="validateSignInLink" time="1.111"/>
  <system-out/>
  <testcase classname="com.TestNG.Annotations.CRMApplication" name="validateSignIn" time="0.963"/>
  <system-out/>
  <testcase classname="com.TestNG.Annotations.CRMApplication" name="validateSignOut" time="0.426"/>
  <system-out/>
</testsuite> <!-- com.TestNG.Annotations.CRMApplication -->
