<?xml version="1.0" encoding="UTF-8"?>
<!-- Generated by org.testng.reporters.JUnitReportReporter -->
<testsuite hostname="INBMWN154463" failures="0" tests="3" name="com.TestNG.ParallelExecution.TestAtMethodLevel" time="40.124" errors="0" timestamp="2024-12-06T22:57:46 IST" skipped="0">
  <testcase classname="com.TestNG.ParallelExecution.TestAtMethodLevel" name="chromeTest" time="7.446"/>
  <system-out/>
  <testcase classname="com.TestNG.ParallelExecution.TestAtMethodLevel" name="edgeTest" time="14.214"/>
  <system-out/>
  <testcase classname="com.TestNG.ParallelExecution.TestAtMethodLevel" name="firefoxTest" time="18.464"/>
  <system-out/>
</testsuite> <!-- com.TestNG.ParallelExecution.TestAtMethodLevel -->
