<?xml version="1.0" encoding="UTF-8"?>
<!-- Generated by org.testng.reporters.JUnitReportReporter -->
<testsuite hostname="INBMWN154463" failures="0" tests="1" name="com.TestNG.DataDriven.ExcelReading" time="0.843" errors="0" timestamp="2024-11-23T19:43:39 IST" skipped="0">
  <testcase classname="com.TestNG.DataDriven.ExcelReading" name="fileREading" time="0.843"/>
  <system-out/>
</testsuite> <!-- com.TestNG.DataDriven.ExcelReading -->
