<?xml version="1.0" encoding="UTF-8"?>
<!-- Generated by org.testng.reporters.JUnitReportReporter -->
<testsuite hostname="INBMWN154463" failures="0" tests="1" name="com.TestNG.ParallelExecution.TestClass1" time="7.838" errors="0" timestamp="2024-12-06T22:59:30 IST" skipped="0">
  <testcase classname="com.TestNG.ParallelExecution.TestClass1" name="edgeTest" time="7.838"/>
  <system-out/>
</testsuite> <!-- com.TestNG.ParallelExecution.TestClass1 -->
