<?xml version="1.0" encoding="UTF-8"?>
<!-- Generated by org.testng.reporters.JUnitReportReporter -->
<testsuite hostname="INBMWN154463" failures="0" tests="1" name="com.ActionsClass.DoubleClickAction" time="7.578" errors="0" timestamp="2024-11-28T22:20:31 IST" skipped="0">
  <testcase classname="com.ActionsClass.DoubleClickAction" name="testDoubleClick" time="7.578"/>
  <system-out/>
</testsuite> <!-- com.ActionsClass.DoubleClickAction -->
