<?xml version="1.0" encoding="UTF-8"?>
<!-- Generated by org.testng.reporters.JUnitReportReporter -->
<testsuite hostname="INBMWN154463" failures="0" tests="1" name="com.TestNG.ParallelExecution.TestClass2" time="10.966" errors="0" timestamp="2024-12-06T22:59:30 IST" skipped="0">
  <testcase classname="com.TestNG.ParallelExecution.TestClass2" name="firefoxTest" time="10.966"/>
  <system-out/>
</testsuite> <!-- com.TestNG.ParallelExecution.TestClass2 -->
