<?xml version="1.0" encoding="UTF-8"?>
<!-- Generated by org.testng.reporters.JUnitReportReporter -->
<testsuite hostname="INBMWN154463" failures="0" tests="4" name="com.SwagLab.TestCases.CartPageTest" time="0.489" errors="0" timestamp="2024-11-21T23:54:31 IST" skipped="0">
  <testcase classname="com.SwagLab.TestCases.CartPageTest" name="verifyProduct" time="0.035"/>
  <system-out/>
  <testcase classname="com.SwagLab.TestCases.CartPageTest" name="vaidateRemove" time="0.091"/>
  <system-out/>
  <testcase classname="com.SwagLab.TestCases.CartPageTest" name="validateContinueShopping" time="0.280"/>
  <system-out/>
  <testcase classname="com.SwagLab.TestCases.CartPageTest" name="validateCheckOut" time="0.083"/>
  <system-out/>
</testsuite> <!-- com.SwagLab.TestCases.CartPageTest -->
